<?xml version="1.0" encoding="utf-8"?><testsuites><testsuite name="pytest" errors="0" failures="0" skipped="0" tests="3" time="0.289" timestamp="2023-01-02T12:58:16.410038" hostname="ge-Lenovo-Legion-R9000P2021H"><testcase classname="examples_rclpy_executors.executors.test.test_copyright" name="test_copyright" time="0.023" /><testcase classname="examples_rclpy_executors.executors.test.test_flake8" name="test_flake8" time="0.158" /><testcase classname="examples_rclpy_executors.executors.test.test_pep257" name="test_pep257" time="0.031" /></testsuite></testsuites>